<?xml version="1.0" encoding="UTF-8"?>
<!-- Generated by org.testng.reporters.JUnitReportReporter -->
<testsuite hostname="COG-WIN-MAC03" failures="0" tests="4" name="testcases.CRMRoleTitle" time="229.251" errors="0" timestamp="2022-12-08T16:36:02 IST" skipped="0">
  <testcase classname="testcases.CRMRoleTitle" name="validationCheck" time="33.710"/>
  <system-out/>
  <testcase classname="testcases.CRMRoleTitle" name="addCRMRoleTitlePage" time="50.337"/>
  <system-out/>
  <testcase classname="testcases.CRMRoleTitle" name="editCRMRoleTitlePage" time="58.676"/>
  <system-out/>
  <testcase classname="testcases.CRMRoleTitle" name="CRMRoleTitleStatusModificationAndValidation" time="86.528"/>
  <system-out/>
</testsuite> <!-- testcases.CRMRoleTitle -->
