<?xml version="1.0" encoding="UTF-8"?>
<!-- Generated by org.testng.reporters.JUnitReportReporter -->
<testsuite hostname="COG-WIN-MAC03" failures="0" tests="4" name="testcases.Category" time="205.994" errors="0" timestamp="2022-11-11T11:59:27 IST" skipped="0">
  <testcase classname="testcases.Category" name="addCategoryValidationCheck" time="32.240"/>
  <system-out/>
  <testcase classname="testcases.Category" name="addCategory" time="43.108"/>
  <system-out/>
  <testcase classname="testcases.Category" name="editCategory" time="53.473"/>
  <system-out/>
  <testcase classname="testcases.Category" name="CategoryListing" time="77.173"/>
  <system-out/>
</testsuite> <!-- testcases.Category -->
