<?xml version="1.0" encoding="UTF-8"?>
<!-- Generated by org.testng.reporters.JUnitReportReporter -->
<testsuite hostname="COG-WIN-MAC03" failures="0" tests="4" name="testcases.Skill" time="222.860" errors="0" timestamp="2022-11-11T11:59:27 IST" skipped="0">
  <testcase classname="testcases.Skill" name="validationCheck" time="34.971"/>
  <system-out/>
  <testcase classname="testcases.Skill" name="addSkill" time="50.198"/>
  <system-out/>
  <testcase classname="testcases.Skill" name="EditSkill" time="63.332"/>
  <system-out/>
  <testcase classname="testcases.Skill" name="SkillListing" time="74.359"/>
  <system-out/>
</testsuite> <!-- testcases.Skill -->
