<?xml version="1.0" encoding="UTF-8"?>
<!-- Generated by org.testng.reporters.JUnitReportReporter -->
<testsuite hostname="COG-WIN-MAC03" failures="0" tests="4" name="testcases.Department" time="217.994" errors="0" timestamp="2022-12-08T16:36:02 IST" skipped="0">
  <testcase classname="testcases.Department" name="addDepartmentValidationCheck" time="36.327"/>
  <system-out/>
  <testcase classname="testcases.Department" name="addDepartment" time="57.648"/>
  <system-out/>
  <testcase classname="testcases.Department" name="editDepartment" time="52.899"/>
  <system-out/>
  <testcase classname="testcases.Department" name="departmentListing" time="71.120"/>
  <system-out/>
</testsuite> <!-- testcases.Department -->
