<?xml version="1.0" encoding="UTF-8"?>
<!-- Generated by org.testng.reporters.JUnitReportReporter -->
<testsuite hostname="COG-WIN-MAC03" failures="0" tests="5" name="testcases.Location" time="229.917" errors="0" timestamp="2022-11-10T16:34:13 IST" skipped="1">
  <testcase classname="testcases.Location" name="addParentLocation" time="39.983"/>
  <system-out/>
  <testcase classname="testcases.Location" name="addChildLocation" time="65.945"/>
  <system-out/>
  <testcase classname="testcases.Location" name="editLocation" time="74.101"/>
  <system-out/>
  <testcase classname="testcases.Location" name="LocationListing" time="49.888"/>
  <system-out/>
  <testcase classname="testcases.Location" name="addParentLocationValidation">
    <skipped/>
  </testcase> <!-- addParentLocationValidation -->
  <system-out/>
</testsuite> <!-- testcases.Location -->
