<?xml version="1.0" encoding="UTF-8"?>
<!-- Generated by org.testng.reporters.JUnitReportReporter -->
<testsuite hostname="COG-WIN-MAC03" failures="0" tests="3" name="testcases.TaxAndDiscount" time="133.513" errors="0" timestamp="2022-11-11T11:59:27 IST" skipped="0">
  <testcase classname="testcases.TaxAndDiscount" name="ValidationCheck" time="33.858"/>
  <system-out/>
  <testcase classname="testcases.TaxAndDiscount" name="AddTaxAndDiscount" time="54.143"/>
  <system-out/>
  <testcase classname="testcases.TaxAndDiscount" name="ActiveAndINactive" time="45.512"/>
  <system-out/>
</testsuite> <!-- testcases.TaxAndDiscount -->
