<?xml version="1.0" encoding="UTF-8"?>
<!-- Generated by org.testng.reporters.JUnitReportReporter -->
<testsuite hostname="COG-WIN-MAC03" failures="0" tests="3" name="testcases.Break" time="154.450" errors="0" timestamp="2022-11-14T12:21:54 IST" skipped="0">
  <testcase classname="testcases.Break" name="AddBreakValidationCheck" time="30.849"/>
  <system-out/>
  <testcase classname="testcases.Break" name="AddBreak" time="63.844"/>
  <system-out/>
  <testcase classname="testcases.Break" name="EditBreak" time="59.757"/>
  <system-out/>
</testsuite> <!-- testcases.Break -->
