<?xml version="1.0" encoding="UTF-8"?>
<!-- Generated by org.testng.reporters.JUnitReportReporter -->
<testsuite hostname="COG-WIN-MAC03" failures="0" tests="4" name="testcases.Channel" time="219.585" errors="0" timestamp="2022-11-11T11:59:27 IST" skipped="0">
  <testcase classname="testcases.Channel" name="validationCheck" time="34.089"/>
  <system-out/>
  <testcase classname="testcases.Channel" name="addChannel" time="45.952"/>
  <system-out/>
  <testcase classname="testcases.Channel" name="editChannel" time="59.464"/>
  <system-out/>
  <testcase classname="testcases.Channel" name="channellisting" time="80.080"/>
  <system-out/>
</testsuite> <!-- testcases.Channel -->
