<?xml version="1.0" encoding="UTF-8"?>
<!-- Generated by org.testng.reporters.JUnitReportReporter -->
<testsuite hostname="COG-WIN-MAC03" failures="0" tests="4" name="testcases.PaymentGateway" time="207.355" errors="0" timestamp="2022-11-11T11:59:27 IST" skipped="0">
  <testcase classname="testcases.PaymentGateway" name="addPaymentGatewayValidation" time="34.463"/>
  <system-out/>
  <testcase classname="testcases.PaymentGateway" name="addPaymentGateway" time="69.147"/>
  <system-out/>
  <testcase classname="testcases.PaymentGateway" name="editPaymentGateway" time="64.554"/>
  <system-out/>
  <testcase classname="testcases.PaymentGateway" name="PaymentGatewayListing" time="39.191"/>
  <system-out/>
</testsuite> <!-- testcases.PaymentGateway -->
