<?xml version="1.0" encoding="UTF-8"?>
<!-- Generated by org.testng.reporters.JUnitReportReporter -->
<testsuite hostname="COG-WIN-MAC03" failures="0" tests="4" name="testcases.Shift" time="280.234" errors="0" timestamp="2023-06-20T22:46:26 IST" skipped="0">
  <testcase classname="testcases.Shift" name="validationCheck" time="38.905"/>
  <system-out/>
  <testcase classname="testcases.Shift" name="addShiftFexible" time="77.287"/>
  <system-out/>
  <testcase classname="testcases.Shift" name="editShiftFexible" time="75.791"/>
  <system-out/>
  <testcase classname="testcases.Shift" name="ServiceListing" time="88.251"/>
  <system-out/>
</testsuite> <!-- testcases.Shift -->
