<?xml version="1.0" encoding="UTF-8"?>
<!-- Generated by org.testng.reporters.JUnitReportReporter -->
<testsuite hostname="COG-WIN-MAC03" failures="0" tests="2" name="testcases.CompanyNotification" time="295.756" errors="0" timestamp="2022-11-11T11:59:27 IST" skipped="0">
  <testcase classname="testcases.CompanyNotification" name="mainMultiCheckboxVerification" time="52.002"/>
  <system-out/>
  <testcase classname="testcases.CompanyNotification" name="moduleWiseCheckverification" time="243.754"/>
  <system-out/>
</testsuite> <!-- testcases.CompanyNotification -->
