<?xml version="1.0" encoding="UTF-8"?>
<!-- Generated by org.testng.reporters.JUnitReportReporter -->
<testsuite hostname="COG-WIN-MAC03" failures="0" tests="4" name="testcases.CurrencyManagement" time="291.389" errors="0" timestamp="2023-08-11T04:28:53 IST" skipped="0">
  <testcase classname="testcases.CurrencyManagement" name="currencyValidationCheck" time="117.367"/>
  <system-out/>
  <testcase classname="testcases.CurrencyManagement" name="SourcecurrencyDuplicateValidation" time="66.030"/>
  <system-out/>
  <testcase classname="testcases.CurrencyManagement" name="BasecurrencyDuplicateValidation" time="46.890"/>
  <system-out/>
  <testcase classname="testcases.CurrencyManagement" name="addNewCurrencyAndDelete" time="61.102"/>
  <system-out/>
</testsuite> <!-- testcases.CurrencyManagement -->
