<?xml version="1.0" encoding="UTF-8"?>
<!-- Generated by org.testng.reporters.JUnitReportReporter -->
<testsuite hostname="COG-WIN-MAC03" failures="0" tests="4" name="testcases.Channel" time="228.365" errors="0" timestamp="2023-06-20T22:46:26 IST" skipped="0">
  <testcase classname="testcases.Channel" name="validationCheck" time="37.334"/>
  <system-out/>
  <testcase classname="testcases.Channel" name="addChannel" time="47.414"/>
  <system-out/>
  <testcase classname="testcases.Channel" name="editChannel" time="61.315"/>
  <system-out/>
  <testcase classname="testcases.Channel" name="channellisting" time="82.302"/>
  <system-out/>
</testsuite> <!-- testcases.Channel -->
