<?xml version="1.0" encoding="UTF-8"?>
<!-- Generated by org.testng.reporters.JUnitReportReporter -->
<testsuite hostname="COG-WIN-MAC03" failures="0" tests="4" name="testcases.UserTitle" time="219.155" errors="0" timestamp="2022-11-11T11:59:27 IST" skipped="0">
  <testcase classname="testcases.UserTitle" name="validationCheck" time="33.162"/>
  <system-out/>
  <testcase classname="testcases.UserTitle" name="addUserTitle" time="47.622"/>
  <system-out/>
  <testcase classname="testcases.UserTitle" name="EditUserTitle" time="64.026"/>
  <system-out/>
  <testcase classname="testcases.UserTitle" name="StageListing" time="74.345"/>
  <system-out/>
</testsuite> <!-- testcases.UserTitle -->
