<?xml version="1.0" encoding="UTF-8"?>
<!-- Generated by org.testng.reporters.JUnitReportReporter -->
<testsuite hostname="COG-WIN-MAC03" failures="0" tests="2" name="testcases.CompanyNotification" time="293.939" errors="0" timestamp="2022-12-08T16:36:02 IST" skipped="0">
  <testcase classname="testcases.CompanyNotification" name="mainMultiCheckboxVerification" time="53.758"/>
  <system-out/>
  <testcase classname="testcases.CompanyNotification" name="moduleWiseCheckverification" time="240.181"/>
  <system-out/>
</testsuite> <!-- testcases.CompanyNotification -->
