<?xml version="1.0" encoding="UTF-8"?>
<!-- Generated by org.testng.reporters.JUnitReportReporter -->
<testsuite hostname="COG-WIN-MAC03" failures="0" tests="4" name="testcases.Service" time="219.376" errors="0" timestamp="2022-11-11T11:59:27 IST" skipped="0">
  <testcase classname="testcases.Service" name="validationCheck" time="35.578"/>
  <system-out/>
  <testcase classname="testcases.Service" name="addService" time="49.770"/>
  <system-out/>
  <testcase classname="testcases.Service" name="editService" time="60.170"/>
  <system-out/>
  <testcase classname="testcases.Service" name="ServiceListing" time="73.858"/>
  <system-out/>
</testsuite> <!-- testcases.Service -->
