<?xml version="1.0" encoding="UTF-8"?>
<!-- Generated by org.testng.reporters.JUnitReportReporter -->
<testsuite hostname="COG-WIN-MAC03" failures="0" tests="2" name="testcases.Announcement" time="103.848" errors="0" timestamp="2023-06-20T22:46:26 IST" skipped="0">
  <testcase classname="testcases.Announcement" name="ValidationCheck" time="33.825"/>
  <system-out/>
  <testcase classname="testcases.Announcement" name="AddSearchDeleteAnnouncement" time="70.023"/>
  <system-out/>
</testsuite> <!-- testcases.Announcement -->
