<?xml version="1.0" encoding="UTF-8"?>
<!-- Generated by org.testng.reporters.JUnitReportReporter -->
<testsuite hostname="COG-WIN-MAC03" failures="0" tests="4" name="testcases.PaymentGateway" time="233.871" errors="0" timestamp="2023-06-20T22:46:26 IST" skipped="0">
  <testcase classname="testcases.PaymentGateway" name="addPaymentGatewayValidation" time="51.109"/>
  <system-out/>
  <testcase classname="testcases.PaymentGateway" name="addPaymentGateway" time="73.596"/>
  <system-out/>
  <testcase classname="testcases.PaymentGateway" name="editPaymentGateway" time="66.470"/>
  <system-out/>
  <testcase classname="testcases.PaymentGateway" name="PaymentGatewayListing" time="42.696"/>
  <system-out/>
</testsuite> <!-- testcases.PaymentGateway -->
