<?xml version="1.0" encoding="UTF-8"?>
<!-- Generated by org.testng.reporters.JUnitReportReporter -->
<testsuite hostname="COG-WIN-MAC03" failures="0" tests="4" name="testcases.Priority" time="232.788" errors="0" timestamp="2023-06-20T22:46:26 IST" skipped="0">
  <testcase classname="testcases.Priority" name="validationCheck" time="38.565"/>
  <system-out/>
  <testcase classname="testcases.Priority" name="addPriority" time="50.367"/>
  <system-out/>
  <testcase classname="testcases.Priority" name="editPriority" time="63.858"/>
  <system-out/>
  <testcase classname="testcases.Priority" name="priorityListing" time="79.998"/>
  <system-out/>
</testsuite> <!-- testcases.Priority -->
