<?xml version="1.0" encoding="UTF-8"?>
<!-- Generated by org.testng.reporters.JUnitReportReporter -->
<testsuite hostname="COG-WIN-MAC03" failures="0" tests="3" name="testcases.TemplateMapping" time="186.382" errors="0" timestamp="2022-12-08T16:36:02 IST" skipped="0">
  <testcase classname="testcases.TemplateMapping" name="addTemplateMappingValidation" time="34.038"/>
  <system-out/>
  <testcase classname="testcases.TemplateMapping" name="addTemplateMapping" time="73.183"/>
  <system-out/>
  <testcase classname="testcases.TemplateMapping" name="TrainingFeedbacklisting" time="79.161"/>
  <system-out/>
</testsuite> <!-- testcases.TemplateMapping -->
