<?xml version="1.0" encoding="UTF-8"?>
<!-- Generated by org.testng.reporters.JUnitReportReporter -->
<testsuite hostname="COG-WIN-MAC03" failures="0" tests="5" name="testcases.Venue" time="318.288" errors="0" timestamp="2022-11-11T11:59:27 IST" skipped="0">
  <testcase classname="testcases.Venue" name="addVenueValidationCheck" time="58.286"/>
  <system-out/>
  <testcase classname="testcases.Venue" name="addVenue" time="49.685"/>
  <system-out/>
  <testcase classname="testcases.Venue" name="editVenue" time="75.179"/>
  <system-out/>
  <testcase classname="testcases.Venue" name="addLayout" time="80.488"/>
  <system-out/>
  <testcase classname="testcases.Venue" name="deleteVenue" time="54.650"/>
  <system-out/>
</testsuite> <!-- testcases.Venue -->
