<?xml version="1.0" encoding="UTF-8"?>
<!-- Generated by org.testng.reporters.JUnitReportReporter -->
<testsuite hostname="COG-WIN-MAC03" failures="0" tests="2" name="testcases.Greeting" time="184.409" errors="0" timestamp="2022-12-08T16:36:02 IST" skipped="0">
  <testcase classname="testcases.Greeting" name="validationCheck" time="31.347"/>
  <system-out/>
  <testcase classname="testcases.Greeting" name="addGreeting" time="153.062"/>
  <system-out/>
</testsuite> <!-- testcases.Greeting -->
