<?xml version="1.0" encoding="UTF-8"?>
<!-- Generated by org.testng.reporters.JUnitReportReporter -->
<testsuite hostname="COG-WIN-MAC03" failures="0" tests="4" name="testcases.Stage" time="300.410" errors="0" timestamp="2023-06-20T22:46:26 IST" skipped="0">
  <testcase classname="testcases.Stage" name="validationCheck" time="49.559"/>
  <system-out/>
  <testcase classname="testcases.Stage" name="addStage" time="106.754"/>
  <system-out/>
  <testcase classname="testcases.Stage" name="EditStage" time="67.385"/>
  <system-out/>
  <testcase classname="testcases.Stage" name="StageListing" time="76.712"/>
  <system-out/>
</testsuite> <!-- testcases.Stage -->
