<?xml version="1.0" encoding="UTF-8"?>
<!-- Generated by org.testng.reporters.JUnitReportReporter -->
<testsuite hostname="COG-WIN-MAC03" failures="0" tests="4" name="testcases.Status" time="246.095" errors="0" timestamp="2022-12-08T16:36:02 IST" skipped="0">
  <testcase classname="testcases.Status" name="validationCheck" time="36.751"/>
  <system-out/>
  <testcase classname="testcases.Status" name="addStatus" time="69.557"/>
  <system-out/>
  <testcase classname="testcases.Status" name="EditStatus" time="64.488"/>
  <system-out/>
  <testcase classname="testcases.Status" name="StatusListing" time="75.299"/>
  <system-out/>
</testsuite> <!-- testcases.Status -->
