<?xml version="1.0" encoding="UTF-8"?>
<!-- Generated by org.testng.reporters.JUnitReportReporter -->
<testsuite hostname="COG-WIN-MAC03" failures="0" tests="6" name="testcases.Emailtemplate" time="479.460" errors="0" timestamp="2023-06-20T22:46:26 IST" skipped="0">
  <testcase classname="testcases.Emailtemplate" name="validationCheck" time="95.829"/>
  <system-out/>
  <testcase classname="testcases.Emailtemplate" name="addEmailTemplate" time="56.193"/>
  <system-out/>
  <testcase classname="testcases.Emailtemplate" name="editEmailTemplate" time="64.370"/>
  <system-out/>
  <testcase classname="testcases.Emailtemplate" name="emailTemplateListing" time="97.479"/>
  <system-out/>
  <testcase classname="testcases.Emailtemplate" name="addAdvancedEmailTemplate" time="79.474"/>
  <system-out/>
  <testcase classname="testcases.Emailtemplate" name="addEmailTemplateCatogeryAsGreeting" time="86.115"/>
  <system-out/>
</testsuite> <!-- testcases.Emailtemplate -->
