<?xml version="1.0" encoding="UTF-8"?>
<!-- Generated by org.testng.reporters.JUnitReportReporter -->
<testsuite hostname="COG-WIN-MAC03" failures="0" tests="5" name="testcases.Feedback" time="396.065" errors="0" timestamp="2022-12-08T16:36:02 IST" skipped="0">
  <testcase classname="testcases.Feedback" name="validationCheck" time="82.564"/>
  <system-out/>
  <testcase classname="testcases.Feedback" name="addFeedback" time="104.104"/>
  <system-out/>
  <testcase classname="testcases.Feedback" name="editFeedback" time="70.827"/>
  <system-out/>
  <testcase classname="testcases.Feedback" name="feedbacklisting" time="86.451"/>
  <system-out/>
  <testcase classname="testcases.Feedback" name="deleteAlltickets" time="52.119"/>
  <system-out/>
</testsuite> <!-- testcases.Feedback -->
