<?xml version="1.0" encoding="UTF-8"?>
<!-- Generated by org.testng.reporters.JUnitReportReporter -->
<testsuite hostname="COG-WIN-MAC03" failures="0" tests="2" name="testcases.Announcement" time="110.852" errors="0" timestamp="2022-11-14T12:10:26 IST" skipped="0">
  <testcase classname="testcases.Announcement" name="ValidationCheck" time="39.795"/>
  <system-out/>
  <testcase classname="testcases.Announcement" name="AddSearchDeleteAnnouncement" time="71.057"/>
  <system-out/>
</testsuite> <!-- testcases.Announcement -->
