<?xml version="1.0" encoding="UTF-8"?>
<!-- Generated by org.testng.reporters.JUnitReportReporter -->
<testsuite hostname="COG-WIN-MAC03" failures="0" tests="4" name="testcases.IndustryType" time="260.716" errors="0" timestamp="2022-12-08T16:36:02 IST" skipped="0">
  <testcase classname="testcases.IndustryType" name="addIndustryTypeValidation" time="35.405"/>
  <system-out/>
  <testcase classname="testcases.IndustryType" name="addIndustryType" time="48.629"/>
  <system-out/>
  <testcase classname="testcases.IndustryType" name="editIndustryType" time="78.057"/>
  <system-out/>
  <testcase classname="testcases.IndustryType" name="IndustryTypeListing" time="98.625"/>
  <system-out/>
</testsuite> <!-- testcases.IndustryType -->
