<?xml version="1.0" encoding="UTF-8"?>
<!-- Generated by org.testng.reporters.JUnitReportReporter -->
<testsuite hostname="COG-WIN-MAC03" failures="0" tests="4" name="testcases.CurrencyManagement" time="255.237" errors="0" timestamp="2022-12-08T16:36:02 IST" skipped="0">
  <testcase classname="testcases.CurrencyManagement" name="currencyValidationCheck" time="98.418"/>
  <system-out/>
  <testcase classname="testcases.CurrencyManagement" name="SourcecurrencyDuplicateValidation" time="57.077"/>
  <system-out/>
  <testcase classname="testcases.CurrencyManagement" name="BasecurrencyDuplicateValidation" time="42.929"/>
  <system-out/>
  <testcase classname="testcases.CurrencyManagement" name="addNewCurrencyAndDelete" time="56.813"/>
  <system-out/>
</testsuite> <!-- testcases.CurrencyManagement -->
