<?xml version="1.0" encoding="UTF-8"?>
<!-- Generated by org.testng.reporters.JUnitReportReporter -->
<testsuite hostname="COG-WIN-MAC03" failures="0" tests="5" name="testcases.Venue" time="363.134" errors="0" timestamp="2022-12-08T16:36:02 IST" skipped="0">
  <testcase classname="testcases.Venue" name="addVenueValidationCheck" time="56.895"/>
  <system-out/>
  <testcase classname="testcases.Venue" name="addVenue" time="65.117"/>
  <system-out/>
  <testcase classname="testcases.Venue" name="editVenue" time="86.145"/>
  <system-out/>
  <testcase classname="testcases.Venue" name="addLayout" time="94.685"/>
  <system-out/>
  <testcase classname="testcases.Venue" name="deleteVenue" time="60.292"/>
  <system-out/>
</testsuite> <!-- testcases.Venue -->
