<?xml version="1.0" encoding="UTF-8"?>
<!-- Generated by org.testng.reporters.JUnitReportReporter -->
<testsuite hostname="COG-WIN-MAC03" failures="0" tests="4" name="testcases.Channel" time="220.048" errors="0" timestamp="2022-12-08T16:36:02 IST" skipped="0">
  <testcase classname="testcases.Channel" name="validationCheck" time="34.586"/>
  <system-out/>
  <testcase classname="testcases.Channel" name="addChannel" time="46.442"/>
  <system-out/>
  <testcase classname="testcases.Channel" name="editChannel" time="60.007"/>
  <system-out/>
  <testcase classname="testcases.Channel" name="channellisting" time="79.013"/>
  <system-out/>
</testsuite> <!-- testcases.Channel -->
