<?xml version="1.0" encoding="UTF-8"?>
<!-- Generated by org.testng.reporters.JUnitReportReporter -->
<testsuite hostname="COG-WIN-MAC03" failures="0" tests="4" name="testcases.Status" time="267.688" errors="0" timestamp="2023-06-20T22:46:26 IST" skipped="0">
  <testcase classname="testcases.Status" name="validationCheck" time="44.885"/>
  <system-out/>
  <testcase classname="testcases.Status" name="addStatus" time="70.353"/>
  <system-out/>
  <testcase classname="testcases.Status" name="EditStatus" time="66.008"/>
  <system-out/>
  <testcase classname="testcases.Status" name="StatusListing" time="86.442"/>
  <system-out/>
</testsuite> <!-- testcases.Status -->
