<?xml version="1.0" encoding="UTF-8"?>
<!-- Generated by org.testng.reporters.JUnitReportReporter -->
<testsuite hostname="COG-WIN-MAC03" failures="0" tests="4" name="testcases.CRMRoleTitle" time="228.907" errors="0" timestamp="2022-11-11T11:59:27 IST" skipped="0">
  <testcase classname="testcases.CRMRoleTitle" name="validationCheck" time="33.337"/>
  <system-out/>
  <testcase classname="testcases.CRMRoleTitle" name="addCRMRoleTitlePage" time="50.554"/>
  <system-out/>
  <testcase classname="testcases.CRMRoleTitle" name="editCRMRoleTitlePage" time="58.499"/>
  <system-out/>
  <testcase classname="testcases.CRMRoleTitle" name="CRMRoleTitleStatusModificationAndValidation" time="86.517"/>
  <system-out/>
</testsuite> <!-- testcases.CRMRoleTitle -->
