<?xml version="1.0" encoding="UTF-8"?>
<!-- Generated by org.testng.reporters.JUnitReportReporter -->
<testsuite hostname="COG-WIN-MAC03" failures="0" tests="3" name="testcases.TaxAndDiscount" time="135.339" errors="0" timestamp="2022-12-08T16:36:02 IST" skipped="0">
  <testcase classname="testcases.TaxAndDiscount" name="ValidationCheck" time="33.678"/>
  <system-out/>
  <testcase classname="testcases.TaxAndDiscount" name="AddTaxAndDiscount" time="55.356"/>
  <system-out/>
  <testcase classname="testcases.TaxAndDiscount" name="ActiveAndINactive" time="46.305"/>
  <system-out/>
</testsuite> <!-- testcases.TaxAndDiscount -->
