<?xml version="1.0" encoding="UTF-8"?>
<!-- Generated by org.testng.reporters.JUnitReportReporter -->
<testsuite hostname="COG-WIN-MAC03" failures="0" tests="4" name="testcases.ContactType" time="219.835" errors="0" timestamp="2022-11-11T11:59:27 IST" skipped="0">
  <testcase classname="testcases.ContactType" name="validationCheck" time="32.707"/>
  <system-out/>
  <testcase classname="testcases.ContactType" name="addContactType" time="47.405"/>
  <system-out/>
  <testcase classname="testcases.ContactType" name="editContactType" time="55.183"/>
  <system-out/>
  <testcase classname="testcases.ContactType" name="contactTypeListing" time="84.540"/>
  <system-out/>
</testsuite> <!-- testcases.ContactType -->
