<?xml version="1.0" encoding="UTF-8"?>
<!-- Generated by org.testng.reporters.JUnitReportReporter -->
<testsuite hostname="COG-WIN-MAC03" failures="0" tests="4" name="testcases.IndustryType" time="256.979" errors="0" timestamp="2022-11-11T11:59:27 IST" skipped="0">
  <testcase classname="testcases.IndustryType" name="addIndustryTypeValidation" time="34.325"/>
  <system-out/>
  <testcase classname="testcases.IndustryType" name="addIndustryType" time="48.115"/>
  <system-out/>
  <testcase classname="testcases.IndustryType" name="editIndustryType" time="77.484"/>
  <system-out/>
  <testcase classname="testcases.IndustryType" name="IndustryTypeListing" time="97.055"/>
  <system-out/>
</testsuite> <!-- testcases.IndustryType -->
