<?xml version="1.0" encoding="UTF-8"?>
<!-- Generated by org.testng.reporters.JUnitReportReporter -->
<testsuite hostname="COG-WIN-MAC03" failures="0" tests="3" name="testcases.TemplateMapping" time="232.819" errors="0" timestamp="2023-06-20T22:46:26 IST" skipped="0">
  <testcase classname="testcases.TemplateMapping" name="addTemplateMappingValidation" time="42.370"/>
  <system-out/>
  <testcase classname="testcases.TemplateMapping" name="addTemplateMapping" time="86.209"/>
  <system-out/>
  <testcase classname="testcases.TemplateMapping" name="TrainingFeedbacklisting" time="104.240"/>
  <system-out/>
</testsuite> <!-- testcases.TemplateMapping -->
