<?xml version="1.0" encoding="UTF-8"?>
<!-- Generated by org.testng.reporters.JUnitReportReporter -->
<testsuite hostname="COG-WIN-MAC03" failures="0" tests="4" name="testcases.Category" time="203.255" errors="0" timestamp="2022-12-08T16:36:02 IST" skipped="0">
  <testcase classname="testcases.Category" name="addCategoryValidationCheck" time="31.402"/>
  <system-out/>
  <testcase classname="testcases.Category" name="addCategory" time="42.806"/>
  <system-out/>
  <testcase classname="testcases.Category" name="editCategory" time="53.430"/>
  <system-out/>
  <testcase classname="testcases.Category" name="CategoryListing" time="75.617"/>
  <system-out/>
</testsuite> <!-- testcases.Category -->
