<?xml version="1.0" encoding="UTF-8"?>
<!-- Generated by org.testng.reporters.JUnitReportReporter -->
<testsuite hostname="COG-WIN-MAC03" failures="0" tests="4" name="testcases.Status" time="244.535" errors="0" timestamp="2022-11-11T11:59:27 IST" skipped="0">
  <testcase classname="testcases.Status" name="validationCheck" time="36.076"/>
  <system-out/>
  <testcase classname="testcases.Status" name="addStatus" time="69.142"/>
  <system-out/>
  <testcase classname="testcases.Status" name="EditStatus" time="64.886"/>
  <system-out/>
  <testcase classname="testcases.Status" name="StatusListing" time="74.431"/>
  <system-out/>
</testsuite> <!-- testcases.Status -->
