<?xml version="1.0" encoding="UTF-8"?>
<!-- Generated by org.testng.reporters.JUnitReportReporter -->
<testsuite hostname="COG-WIN-MAC03" failures="0" tests="5" name="testcases.Venue" time="374.697" errors="0" timestamp="2023-06-20T22:46:26 IST" skipped="0">
  <testcase classname="testcases.Venue" name="addVenueValidationCheck" time="69.566"/>
  <system-out/>
  <testcase classname="testcases.Venue" name="addVenue" time="58.466"/>
  <system-out/>
  <testcase classname="testcases.Venue" name="editVenue" time="101.989"/>
  <system-out/>
  <testcase classname="testcases.Venue" name="addLayout" time="87.732"/>
  <system-out/>
  <testcase classname="testcases.Venue" name="deleteVenue" time="56.944"/>
  <system-out/>
</testsuite> <!-- testcases.Venue -->
