<?xml version="1.0" encoding="UTF-8"?>
<!-- Generated by org.testng.reporters.JUnitReportReporter -->
<testsuite hostname="COG-WIN-MAC03" failures="0" tests="4" name="testcases.CurrencyManagement" time="257.244" errors="0" timestamp="2022-11-11T11:59:27 IST" skipped="0">
  <testcase classname="testcases.CurrencyManagement" name="currencyValidationCheck" time="100.476"/>
  <system-out/>
  <testcase classname="testcases.CurrencyManagement" name="SourcecurrencyDuplicateValidation" time="57.036"/>
  <system-out/>
  <testcase classname="testcases.CurrencyManagement" name="BasecurrencyDuplicateValidation" time="43.238"/>
  <system-out/>
  <testcase classname="testcases.CurrencyManagement" name="addNewCurrencyAndDelete" time="56.494"/>
  <system-out/>
</testsuite> <!-- testcases.CurrencyManagement -->
