<?xml version="1.0" encoding="UTF-8"?>
<!-- Generated by org.testng.reporters.JUnitReportReporter -->
<testsuite hostname="COG-WIN-MAC03" failures="0" tests="4" name="testcases.Trip" time="226.289" errors="0" timestamp="2022-12-08T16:36:02 IST" skipped="0">
  <testcase classname="testcases.Trip" name="validationCheck" time="35.999"/>
  <system-out/>
  <testcase classname="testcases.Trip" name="addTrip" time="48.558"/>
  <system-out/>
  <testcase classname="testcases.Trip" name="EditTrip" time="66.061"/>
  <system-out/>
  <testcase classname="testcases.Trip" name="TripListing" time="75.671"/>
  <system-out/>
</testsuite> <!-- testcases.Trip -->
