<?xml version="1.0" encoding="UTF-8"?>
<!-- Generated by org.testng.reporters.JUnitReportReporter -->
<testsuite hostname="COG-WIN-MAC03" failures="0" tests="4" name="testcases.Question" time="272.162" errors="0" timestamp="2022-12-08T16:36:02 IST" skipped="0">
  <testcase classname="testcases.Question" name="validationCheck" time="39.569"/>
  <system-out/>
  <testcase classname="testcases.Question" name="addQuestion" time="90.843"/>
  <system-out/>
  <testcase classname="testcases.Question" name="editQuestion" time="65.827"/>
  <system-out/>
  <testcase classname="testcases.Question" name="priorityListing" time="75.923"/>
  <system-out/>
</testsuite> <!-- testcases.Question -->
