<?xml version="1.0" encoding="UTF-8"?>
<!-- Generated by org.testng.reporters.JUnitReportReporter -->
<testsuite hostname="COG-WIN-MAC03" failures="0" tests="4" name="testcases.Trip" time="251.506" errors="0" timestamp="2023-06-20T22:46:27 IST" skipped="0">
  <testcase classname="testcases.Trip" name="validationCheck" time="41.913"/>
  <system-out/>
  <testcase classname="testcases.Trip" name="addTrip" time="49.885"/>
  <system-out/>
  <testcase classname="testcases.Trip" name="EditTrip" time="75.507"/>
  <system-out/>
  <testcase classname="testcases.Trip" name="TripListing" time="84.201"/>
  <system-out/>
</testsuite> <!-- testcases.Trip -->
