<?xml version="1.0" encoding="UTF-8"?>
<!-- Generated by org.testng.reporters.JUnitReportReporter -->
<testsuite hostname="COG-WIN-MAC03" failures="0" tests="4" name="testcases.ReviewTemplate" time="236.491" errors="0" timestamp="2022-11-11T11:59:27 IST" skipped="0">
  <testcase classname="testcases.ReviewTemplate" name="validationCheck" time="36.743"/>
  <system-out/>
  <testcase classname="testcases.ReviewTemplate" name="addReviewTemplate" time="51.390"/>
  <system-out/>
  <testcase classname="testcases.ReviewTemplate" name="editReviewTemplate" time="58.921"/>
  <system-out/>
  <testcase classname="testcases.ReviewTemplate" name="ReviewTemplateStatusModificationAndValidation" time="89.437"/>
  <system-out/>
</testsuite> <!-- testcases.ReviewTemplate -->
