<?xml version="1.0" encoding="UTF-8"?>
<!-- Generated by org.testng.reporters.JUnitReportReporter -->
<testsuite hostname="COG-WIN-MAC03" failures="0" tests="4" name="testcases.PaymentGateway" time="208.417" errors="0" timestamp="2022-12-08T16:36:02 IST" skipped="0">
  <testcase classname="testcases.PaymentGateway" name="addPaymentGatewayValidation" time="35.838"/>
  <system-out/>
  <testcase classname="testcases.PaymentGateway" name="addPaymentGateway" time="69.863"/>
  <system-out/>
  <testcase classname="testcases.PaymentGateway" name="editPaymentGateway" time="64.185"/>
  <system-out/>
  <testcase classname="testcases.PaymentGateway" name="PaymentGatewayListing" time="38.531"/>
  <system-out/>
</testsuite> <!-- testcases.PaymentGateway -->
