<?xml version="1.0" encoding="UTF-8"?>
<!-- Generated by org.testng.reporters.JUnitReportReporter -->
<testsuite hostname="COG-WIN-MAC03" failures="0" tests="4" name="testcases.ContactType" time="272.196" errors="0" timestamp="2023-06-20T22:46:26 IST" skipped="0">
  <testcase classname="testcases.ContactType" name="validationCheck" time="35.034"/>
  <system-out/>
  <testcase classname="testcases.ContactType" name="addContactType" time="48.152"/>
  <system-out/>
  <testcase classname="testcases.ContactType" name="editContactType" time="56.345"/>
  <system-out/>
  <testcase classname="testcases.ContactType" name="contactTypeListing" time="132.665"/>
  <system-out/>
</testsuite> <!-- testcases.ContactType -->
