<?xml version="1.0" encoding="UTF-8"?>
<!-- Generated by org.testng.reporters.JUnitReportReporter -->
<testsuite hostname="COG-WIN-MAC03" failures="0" tests="3" name="testcases.CannedReply" time="181.618" errors="0" timestamp="2023-06-20T22:46:27 IST" skipped="0">
  <testcase classname="testcases.CannedReply" name="ValidationCheck" time="47.998"/>
  <system-out/>
  <testcase classname="testcases.CannedReply" name="AddCannedReply" time="66.715"/>
  <system-out/>
  <testcase classname="testcases.CannedReply" name="SearchActiveInactiveDeleteCannedReply" time="66.905"/>
  <system-out/>
</testsuite> <!-- testcases.CannedReply -->
