<?xml version="1.0" encoding="UTF-8"?>
<!-- Generated by org.testng.reporters.JUnitReportReporter -->
<testsuite hostname="COG-WIN-MAC03" failures="0" tests="4" name="testcases.TrainingFeedback" time="345.201" errors="0" timestamp="2022-12-08T16:36:02 IST" skipped="0">
  <testcase classname="testcases.TrainingFeedback" name="addFeedbackValidationCheck" time="81.451"/>
  <system-out/>
  <testcase classname="testcases.TrainingFeedback" name="addTrainingFeedback" time="52.349"/>
  <system-out/>
  <testcase classname="testcases.TrainingFeedback" name="editTrainingFeedback" time="77.587"/>
  <system-out/>
  <testcase classname="testcases.TrainingFeedback" name="TrainingFeedbacklisting" time="133.814"/>
  <system-out/>
</testsuite> <!-- testcases.TrainingFeedback -->
