<?xml version="1.0" encoding="UTF-8"?>
<!-- Generated by org.testng.reporters.JUnitReportReporter -->
<testsuite hostname="COG-WIN-MAC03" failures="0" tests="4" name="testcases.ContactType" time="235.402" errors="0" timestamp="2022-12-08T16:36:02 IST" skipped="0">
  <testcase classname="testcases.ContactType" name="validationCheck" time="32.757"/>
  <system-out/>
  <testcase classname="testcases.ContactType" name="addContactType" time="49.788"/>
  <system-out/>
  <testcase classname="testcases.ContactType" name="editContactType" time="63.208"/>
  <system-out/>
  <testcase classname="testcases.ContactType" name="contactTypeListing" time="89.649"/>
  <system-out/>
</testsuite> <!-- testcases.ContactType -->
