<?xml version="1.0" encoding="UTF-8"?>
<!-- Generated by org.testng.reporters.JUnitReportReporter -->
<testsuite hostname="COG-WIN-MAC03" failures="0" tests="4" name="testcases.Category" time="230.284" errors="0" timestamp="2023-06-20T22:46:26 IST" skipped="0">
  <testcase classname="testcases.Category" name="addCategoryValidationCheck" time="33.945"/>
  <system-out/>
  <testcase classname="testcases.Category" name="addCategory" time="44.570"/>
  <system-out/>
  <testcase classname="testcases.Category" name="editCategory" time="54.792"/>
  <system-out/>
  <testcase classname="testcases.Category" name="CategoryListing" time="96.977"/>
  <system-out/>
</testsuite> <!-- testcases.Category -->
