<?xml version="1.0" encoding="UTF-8"?>
<!-- Generated by org.testng.reporters.JUnitReportReporter -->
<testsuite hostname="COG-WIN-MAC03" failures="0" tests="3" name="testcases.CannedReply" time="171.242" errors="0" timestamp="2022-12-08T16:36:02 IST" skipped="0">
  <testcase classname="testcases.CannedReply" name="ValidationCheck" time="41.569"/>
  <system-out/>
  <testcase classname="testcases.CannedReply" name="AddCannedReply" time="64.888"/>
  <system-out/>
  <testcase classname="testcases.CannedReply" name="SearchActiveInactiveDeleteCannedReply" time="64.785"/>
  <system-out/>
</testsuite> <!-- testcases.CannedReply -->
