<?xml version="1.0" encoding="UTF-8"?>
<!-- Generated by org.testng.reporters.JUnitReportReporter -->
<testsuite hostname="COG-WIN-MAC03" failures="0" tests="3" name="testcases.TemplateMapping" time="184.797" errors="0" timestamp="2022-11-11T11:59:27 IST" skipped="0">
  <testcase classname="testcases.TemplateMapping" name="addTemplateMappingValidation" time="32.553"/>
  <system-out/>
  <testcase classname="testcases.TemplateMapping" name="addTemplateMapping" time="73.180"/>
  <system-out/>
  <testcase classname="testcases.TemplateMapping" name="TrainingFeedbacklisting" time="79.064"/>
  <system-out/>
</testsuite> <!-- testcases.TemplateMapping -->
