<?xml version="1.0" encoding="UTF-8"?>
<!-- Generated by org.testng.reporters.JUnitReportReporter -->
<testsuite hostname="COG-WIN-MAC03" failures="0" tests="4" name="testcases.TrainingFeedback" time="319.175" errors="0" timestamp="2023-06-20T22:46:26 IST" skipped="0">
  <testcase classname="testcases.TrainingFeedback" name="addFeedbackValidationCheck" time="80.905"/>
  <system-out/>
  <testcase classname="testcases.TrainingFeedback" name="addTrainingFeedback" time="66.117"/>
  <system-out/>
  <testcase classname="testcases.TrainingFeedback" name="editTrainingFeedback" time="77.893"/>
  <system-out/>
  <testcase classname="testcases.TrainingFeedback" name="TrainingFeedbacklisting" time="94.260"/>
  <system-out/>
</testsuite> <!-- testcases.TrainingFeedback -->
