<?xml version="1.0" encoding="UTF-8"?>
<!-- Generated by org.testng.reporters.JUnitReportReporter -->
<testsuite hostname="COG-WIN-MAC03" failures="0" tests="4" name="testcases.Stage" time="282.797" errors="0" timestamp="2022-12-08T16:36:02 IST" skipped="0">
  <testcase classname="testcases.Stage" name="validationCheck" time="37.185"/>
  <system-out/>
  <testcase classname="testcases.Stage" name="addStage" time="103.800"/>
  <system-out/>
  <testcase classname="testcases.Stage" name="EditStage" time="65.814"/>
  <system-out/>
  <testcase classname="testcases.Stage" name="StageListing" time="75.998"/>
  <system-out/>
</testsuite> <!-- testcases.Stage -->
