<?xml version="1.0" encoding="UTF-8"?>
<!-- Generated by org.testng.reporters.JUnitReportReporter -->
<testsuite hostname="COG-WIN-MAC03" failures="0" tests="4" name="testcases.Trip" time="228.096" errors="0" timestamp="2022-11-11T11:59:27 IST" skipped="0">
  <testcase classname="testcases.Trip" name="validationCheck" time="35.332"/>
  <system-out/>
  <testcase classname="testcases.Trip" name="addTrip" time="48.599"/>
  <system-out/>
  <testcase classname="testcases.Trip" name="EditTrip" time="66.854"/>
  <system-out/>
  <testcase classname="testcases.Trip" name="TripListing" time="77.311"/>
  <system-out/>
</testsuite> <!-- testcases.Trip -->
