<?xml version="1.0" encoding="UTF-8"?>
<!-- Generated by org.testng.reporters.JUnitReportReporter -->
<testsuite hostname="COG-WIN-MAC03" failures="0" tests="5" name="testcases.Emailtemplate" time="348.776" errors="0" timestamp="2022-11-11T11:59:27 IST" skipped="0">
  <testcase classname="testcases.Emailtemplate" name="validationCheck" time="89.159"/>
  <system-out/>
  <testcase classname="testcases.Emailtemplate" name="addEmailTemplate" time="52.446"/>
  <system-out/>
  <testcase classname="testcases.Emailtemplate" name="editEmailTemplate" time="61.875"/>
  <system-out/>
  <testcase classname="testcases.Emailtemplate" name="emailTemplateListing" time="91.039"/>
  <system-out/>
  <testcase classname="testcases.Emailtemplate" name="addAdvancedEmailTemplate" time="54.257"/>
  <system-out/>
</testsuite> <!-- testcases.Emailtemplate -->
