<?xml version="1.0" encoding="UTF-8"?>
<!-- Generated by org.testng.reporters.JUnitReportReporter -->
<testsuite hostname="COG-WIN-MAC03" failures="0" tests="3" name="testcases.CompanyHolidays" time="160.774" errors="0" timestamp="2022-12-08T16:36:02 IST" skipped="0">
  <testcase classname="testcases.CompanyHolidays" name="ValidationCheck" time="38.154"/>
  <system-out/>
  <testcase classname="testcases.CompanyHolidays" name="AddCompanyHolidayFullDay" time="62.220"/>
  <system-out/>
  <testcase classname="testcases.CompanyHolidays" name="ActiveInactiveSearch" time="60.400"/>
  <system-out/>
</testsuite> <!-- testcases.CompanyHolidays -->
