<?xml version="1.0" encoding="UTF-8"?>
<!-- Generated by org.testng.reporters.JUnitReportReporter -->
<testsuite hostname="COG-WIN-MAC03" failures="0" tests="4" name="testcases.Department" time="231.139" errors="0" timestamp="2023-06-20T22:46:26 IST" skipped="0">
  <testcase classname="testcases.Department" name="addDepartmentValidationCheck" time="39.340"/>
  <system-out/>
  <testcase classname="testcases.Department" name="addDepartment" time="59.164"/>
  <system-out/>
  <testcase classname="testcases.Department" name="editDepartment" time="53.994"/>
  <system-out/>
  <testcase classname="testcases.Department" name="departmentListing" time="78.641"/>
  <system-out/>
</testsuite> <!-- testcases.Department -->
