<?xml version="1.0" encoding="UTF-8"?>
<!-- Generated by org.testng.reporters.JUnitReportReporter -->
<testsuite hostname="COG-WIN-MAC03" failures="0" tests="4" name="testcases.Skill" time="230.179" errors="0" timestamp="2022-12-08T16:36:02 IST" skipped="0">
  <testcase classname="testcases.Skill" name="validationCheck" time="37.747"/>
  <system-out/>
  <testcase classname="testcases.Skill" name="addSkill" time="53.518"/>
  <system-out/>
  <testcase classname="testcases.Skill" name="EditSkill" time="63.774"/>
  <system-out/>
  <testcase classname="testcases.Skill" name="SkillListing" time="75.140"/>
  <system-out/>
</testsuite> <!-- testcases.Skill -->
