<?xml version="1.0" encoding="UTF-8"?>
<!-- Generated by org.testng.reporters.JUnitReportReporter -->
<testsuite hostname="COG-WIN-MAC03" failures="0" tests="5" name="testcases.Feedback" time="385.682" errors="0" timestamp="2022-11-11T11:59:27 IST" skipped="0">
  <testcase classname="testcases.Feedback" name="validationCheck" time="83.361"/>
  <system-out/>
  <testcase classname="testcases.Feedback" name="addFeedback" time="104.260"/>
  <system-out/>
  <testcase classname="testcases.Feedback" name="editFeedback" time="73.956"/>
  <system-out/>
  <testcase classname="testcases.Feedback" name="feedbacklisting" time="78.325"/>
  <system-out/>
  <testcase classname="testcases.Feedback" name="deleteAlltickets" time="45.780"/>
  <system-out/>
</testsuite> <!-- testcases.Feedback -->
