<?xml version="1.0" encoding="UTF-8"?>
<!-- Generated by org.testng.reporters.JUnitReportReporter -->
<testsuite hostname="COG-WIN-MAC03" failures="0" tests="4" name="testcases.Service" time="229.219" errors="0" timestamp="2022-12-08T16:36:02 IST" skipped="0">
  <testcase classname="testcases.Service" name="validationCheck" time="37.018"/>
  <system-out/>
  <testcase classname="testcases.Service" name="addService" time="49.935"/>
  <system-out/>
  <testcase classname="testcases.Service" name="editService" time="60.955"/>
  <system-out/>
  <testcase classname="testcases.Service" name="ServiceListing" time="81.311"/>
  <system-out/>
</testsuite> <!-- testcases.Service -->
