<?xml version="1.0" encoding="UTF-8"?>
<!-- Generated by org.testng.reporters.JUnitReportReporter -->
<testsuite hostname="COG-WIN-MAC03" failures="0" tests="4" name="testcases.CRMRoleTitle" time="296.542" errors="0" timestamp="2023-06-20T22:46:26 IST" skipped="0">
  <testcase classname="testcases.CRMRoleTitle" name="validationCheck" time="84.287"/>
  <system-out/>
  <testcase classname="testcases.CRMRoleTitle" name="addCRMRoleTitlePage" time="52.651"/>
  <system-out/>
  <testcase classname="testcases.CRMRoleTitle" name="editCRMRoleTitlePage" time="64.846"/>
  <system-out/>
  <testcase classname="testcases.CRMRoleTitle" name="CRMRoleTitleStatusModificationAndValidation" time="94.758"/>
  <system-out/>
</testsuite> <!-- testcases.CRMRoleTitle -->
