<?xml version="1.0" encoding="UTF-8"?>
<!-- Generated by org.testng.reporters.JUnitReportReporter -->
<testsuite hostname="COG-WIN-MAC03" failures="0" tests="4" name="testcases.Designation" time="235.716" errors="0" timestamp="2022-12-08T16:36:02 IST" skipped="0">
  <testcase classname="testcases.Designation" name="addDesignationValidationCheck" time="35.984"/>
  <system-out/>
  <testcase classname="testcases.Designation" name="addDesignation" time="51.898"/>
  <system-out/>
  <testcase classname="testcases.Designation" name="editDesignation" time="66.127"/>
  <system-out/>
  <testcase classname="testcases.Designation" name="designationListing" time="81.707"/>
  <system-out/>
</testsuite> <!-- testcases.Designation -->
