<?xml version="1.0" encoding="UTF-8"?>
<!-- Generated by org.testng.reporters.JUnitReportReporter -->
<testsuite hostname="COG-WIN-MAC03" failures="0" tests="2" name="testcases.Announcement" time="96.054" errors="0" timestamp="2022-12-08T16:36:02 IST" skipped="0">
  <testcase classname="testcases.Announcement" name="ValidationCheck" time="28.179"/>
  <system-out/>
  <testcase classname="testcases.Announcement" name="AddSearchDeleteAnnouncement" time="67.875"/>
  <system-out/>
</testsuite> <!-- testcases.Announcement -->
