<?xml version="1.0" encoding="UTF-8"?>
<!-- Generated by org.testng.reporters.JUnitReportReporter -->
<testsuite hostname="COG-WIN-MAC03" failures="0" tests="4" name="testcases.Priority" time="236.492" errors="0" timestamp="2022-12-08T16:36:02 IST" skipped="0">
  <testcase classname="testcases.Priority" name="validationCheck" time="41.728"/>
  <system-out/>
  <testcase classname="testcases.Priority" name="addPriority" time="52.345"/>
  <system-out/>
  <testcase classname="testcases.Priority" name="editPriority" time="63.344"/>
  <system-out/>
  <testcase classname="testcases.Priority" name="priorityListing" time="79.075"/>
  <system-out/>
</testsuite> <!-- testcases.Priority -->
