<?xml version="1.0" encoding="UTF-8"?>
<!-- Generated by org.testng.reporters.JUnitReportReporter -->
<testsuite hostname="COG-WIN-MAC03" failures="0" tests="2" name="testcases.CompanyNotification" time="293.543" errors="0" timestamp="2023-06-20T22:46:26 IST" skipped="0">
  <testcase classname="testcases.CompanyNotification" name="mainMultiCheckboxVerification" time="60.682"/>
  <system-out/>
  <testcase classname="testcases.CompanyNotification" name="moduleWiseCheckverification" time="232.861"/>
  <system-out/>
</testsuite> <!-- testcases.CompanyNotification -->
