<?xml version="1.0" encoding="UTF-8"?>
<!-- Generated by org.testng.reporters.JUnitReportReporter -->
<testsuite hostname="COG-WIN-MAC03" failures="0" tests="4" name="testcases.Phase" time="219.502" errors="0" timestamp="2022-11-11T11:59:27 IST" skipped="0">
  <testcase classname="testcases.Phase" name="validationCheck" time="35.485"/>
  <system-out/>
  <testcase classname="testcases.Phase" name="addPhase" time="48.339"/>
  <system-out/>
  <testcase classname="testcases.Phase" name="editPhase" time="61.108"/>
  <system-out/>
  <testcase classname="testcases.Phase" name="phaseListing" time="74.570"/>
  <system-out/>
</testsuite> <!-- testcases.Phase -->
