<?xml version="1.0" encoding="UTF-8"?>
<!-- Generated by org.testng.reporters.JUnitReportReporter -->
<testsuite hostname="COG-WIN-MAC03" failures="0" tests="3" name="testcases.CannedReply" time="169.330" errors="0" timestamp="2022-11-11T11:59:27 IST" skipped="0">
  <testcase classname="testcases.CannedReply" name="ValidationCheck" time="40.632"/>
  <system-out/>
  <testcase classname="testcases.CannedReply" name="AddCannedReply" time="64.361"/>
  <system-out/>
  <testcase classname="testcases.CannedReply" name="SearchActiveInactiveDeleteCannedReply" time="64.337"/>
  <system-out/>
</testsuite> <!-- testcases.CannedReply -->
