<?xml version="1.0" encoding="UTF-8"?>
<!-- Generated by org.testng.reporters.JUnitReportReporter -->
<testsuite hostname="COG-WIN-MAC03" failures="0" tests="4" name="testcases.Shift" time="253.023" errors="0" timestamp="2022-12-08T16:36:02 IST" skipped="0">
  <testcase classname="testcases.Shift" name="validationCheck" time="38.807"/>
  <system-out/>
  <testcase classname="testcases.Shift" name="addShiftFexible" time="76.117"/>
  <system-out/>
  <testcase classname="testcases.Shift" name="editShiftFexible" time="62.624"/>
  <system-out/>
  <testcase classname="testcases.Shift" name="ServiceListing" time="75.475"/>
  <system-out/>
</testsuite> <!-- testcases.Shift -->
