<?xml version="1.0" encoding="UTF-8"?>
<!-- Generated by org.testng.reporters.JUnitReportReporter -->
<testsuite hostname="COG-WIN-MAC03" failures="0" tests="3" name="testcases.Break" time="153.842" errors="0" timestamp="2022-12-08T16:36:02 IST" skipped="0">
  <testcase classname="testcases.Break" name="AddBreakValidationCheck" time="31.607"/>
  <system-out/>
  <testcase classname="testcases.Break" name="AddBreak" time="64.141"/>
  <system-out/>
  <testcase classname="testcases.Break" name="EditBreak" time="58.094"/>
  <system-out/>
</testsuite> <!-- testcases.Break -->
