<?xml version="1.0" encoding="UTF-8"?>
<!-- Generated by org.testng.reporters.JUnitReportReporter -->
<testsuite hostname="COG-WIN-MAC03" failures="0" tests="5" name="testcases.Break" time="277.070" errors="0" timestamp="2023-06-20T22:46:26 IST" skipped="0">
  <testcase classname="testcases.Break" name="AddBreakValidationCheck" time="38.131"/>
  <system-out/>
  <testcase classname="testcases.Break" name="AddBreak" time="49.661"/>
  <system-out/>
  <testcase classname="testcases.Break" name="SearchBreak" time="52.972"/>
  <system-out/>
  <testcase classname="testcases.Break" name="EditBreak" time="59.163"/>
  <system-out/>
  <testcase classname="testcases.Break" name="ActiveInActiveDelete" time="77.143"/>
  <system-out/>
</testsuite> <!-- testcases.Break -->
