<?xml version="1.0" encoding="UTF-8"?>
<!-- Generated by org.testng.reporters.JUnitReportReporter -->
<testsuite hostname="COG-WIN-MAC03" failures="0" tests="4" name="testcases.UserTitle" time="264.349" errors="0" timestamp="2023-06-20T22:46:27 IST" skipped="0">
  <testcase classname="testcases.UserTitle" name="validationCheck" time="37.608"/>
  <system-out/>
  <testcase classname="testcases.UserTitle" name="addUserTitle" time="56.918"/>
  <system-out/>
  <testcase classname="testcases.UserTitle" name="EditUserTitle" time="80.899"/>
  <system-out/>
  <testcase classname="testcases.UserTitle" name="StageListing" time="88.924"/>
  <system-out/>
</testsuite> <!-- testcases.UserTitle -->
