<?xml version="1.0" encoding="UTF-8"?>
<!-- Generated by org.testng.reporters.JUnitReportReporter -->
<testsuite hostname="COG-WIN-MAC03" failures="0" tests="4" name="testcases.Shift" time="249.570" errors="0" timestamp="2022-11-11T11:59:27 IST" skipped="0">
  <testcase classname="testcases.Shift" name="validationCheck" time="35.380"/>
  <system-out/>
  <testcase classname="testcases.Shift" name="addShiftFexible" time="75.567"/>
  <system-out/>
  <testcase classname="testcases.Shift" name="editShiftFexible" time="63.263"/>
  <system-out/>
  <testcase classname="testcases.Shift" name="ServiceListing" time="75.360"/>
  <system-out/>
</testsuite> <!-- testcases.Shift -->
