<?xml version="1.0" encoding="UTF-8"?>
<!-- Generated by org.testng.reporters.JUnitReportReporter -->
<testsuite hostname="COG-WIN-MAC03" failures="0" tests="3" name="testcases.CompanyHolidays" time="157.842" errors="0" timestamp="2022-11-11T11:59:27 IST" skipped="0">
  <testcase classname="testcases.CompanyHolidays" name="ValidationCheck" time="36.504"/>
  <system-out/>
  <testcase classname="testcases.CompanyHolidays" name="AddCompanyHolidayFullDay" time="62.200"/>
  <system-out/>
  <testcase classname="testcases.CompanyHolidays" name="ActiveInactiveSearch" time="59.138"/>
  <system-out/>
</testsuite> <!-- testcases.CompanyHolidays -->
