<?xml version="1.0" encoding="UTF-8"?>
<!-- Generated by org.testng.reporters.JUnitReportReporter -->
<testsuite hostname="COG-WIN-MAC03" failures="0" tests="4" name="testcases.Service" time="238.467" errors="0" timestamp="2023-06-20T22:46:26 IST" skipped="0">
  <testcase classname="testcases.Service" name="validationCheck" time="42.405"/>
  <system-out/>
  <testcase classname="testcases.Service" name="addService" time="51.778"/>
  <system-out/>
  <testcase classname="testcases.Service" name="editService" time="64.777"/>
  <system-out/>
  <testcase classname="testcases.Service" name="ServiceListing" time="79.507"/>
  <system-out/>
</testsuite> <!-- testcases.Service -->
