<?xml version="1.0" encoding="UTF-8"?>
<!-- Generated by org.testng.reporters.JUnitReportReporter -->
<testsuite hostname="COG-WIN-MAC03" failures="0" tests="4" name="testcases.UserTitle" time="219.436" errors="0" timestamp="2022-12-08T16:36:02 IST" skipped="0">
  <testcase classname="testcases.UserTitle" name="validationCheck" time="33.808"/>
  <system-out/>
  <testcase classname="testcases.UserTitle" name="addUserTitle" time="47.418"/>
  <system-out/>
  <testcase classname="testcases.UserTitle" name="EditUserTitle" time="63.644"/>
  <system-out/>
  <testcase classname="testcases.UserTitle" name="StageListing" time="74.566"/>
  <system-out/>
</testsuite> <!-- testcases.UserTitle -->
