<?xml version="1.0" encoding="UTF-8"?>
<!-- Generated by org.testng.reporters.JUnitReportReporter -->
<testsuite hostname="COG-WIN-MAC03" failures="0" tests="4" name="testcases.Phase" time="217.183" errors="0" timestamp="2022-12-08T16:36:02 IST" skipped="0">
  <testcase classname="testcases.Phase" name="validationCheck" time="34.802"/>
  <system-out/>
  <testcase classname="testcases.Phase" name="addPhase" time="48.002"/>
  <system-out/>
  <testcase classname="testcases.Phase" name="editPhase" time="60.417"/>
  <system-out/>
  <testcase classname="testcases.Phase" name="phaseListing" time="73.962"/>
  <system-out/>
</testsuite> <!-- testcases.Phase -->
