<?xml version="1.0" encoding="UTF-8"?>
<!-- Generated by org.testng.reporters.JUnitReportReporter -->
<testsuite hostname="COG-WIN-MAC03" failures="0" tests="4" name="testcases.ReviewTemplate" time="272.290" errors="0" timestamp="2023-06-20T22:46:26 IST" skipped="0">
  <testcase classname="testcases.ReviewTemplate" name="validationCheck" time="40.288"/>
  <system-out/>
  <testcase classname="testcases.ReviewTemplate" name="addReviewTemplate" time="55.203"/>
  <system-out/>
  <testcase classname="testcases.ReviewTemplate" name="editReviewTemplate" time="69.627"/>
  <system-out/>
  <testcase classname="testcases.ReviewTemplate" name="ReviewTemplateStatusModificationAndValidation" time="107.172"/>
  <system-out/>
</testsuite> <!-- testcases.ReviewTemplate -->
