<?xml version="1.0" encoding="UTF-8"?>
<!-- Generated by org.testng.reporters.JUnitReportReporter -->
<testsuite hostname="COG-WIN-MAC03" failures="0" tests="3" name="testcases.CompanyHolidays" time="183.794" errors="0" timestamp="2023-07-13T22:18:59 IST" skipped="0">
  <testcase classname="testcases.CompanyHolidays" name="ValidationCheck" time="43.588"/>
  <system-out/>
  <testcase classname="testcases.CompanyHolidays" name="AddCompanyHolidayFullDay" time="68.877"/>
  <system-out/>
  <testcase classname="testcases.CompanyHolidays" name="ActiveInactiveSearch" time="71.329"/>
  <system-out/>
</testsuite> <!-- testcases.CompanyHolidays -->
