<?xml version="1.0" encoding="UTF-8"?>
<!-- Generated by org.testng.reporters.JUnitReportReporter -->
<testsuite hostname="COG-WIN-MAC03" failures="0" tests="3" name="testcases.TaxAndDiscount" time="176.140" errors="0" timestamp="2023-06-20T22:46:27 IST" skipped="0">
  <testcase classname="testcases.TaxAndDiscount" name="ValidationCheck" time="58.549"/>
  <system-out/>
  <testcase classname="testcases.TaxAndDiscount" name="AddTaxAndDiscount" time="68.796"/>
  <system-out/>
  <testcase classname="testcases.TaxAndDiscount" name="ActiveAndINactive" time="48.795"/>
  <system-out/>
</testsuite> <!-- testcases.TaxAndDiscount -->
