<?xml version="1.0" encoding="UTF-8"?>
<!-- Generated by org.testng.reporters.JUnitReportReporter -->
<testsuite hostname="COG-WIN-MAC03" failures="0" tests="4" name="testcases.Designation" time="233.499" errors="0" timestamp="2022-11-11T11:59:27 IST" skipped="0">
  <testcase classname="testcases.Designation" name="addDesignationValidationCheck" time="34.757"/>
  <system-out/>
  <testcase classname="testcases.Designation" name="addDesignation" time="47.719"/>
  <system-out/>
  <testcase classname="testcases.Designation" name="editDesignation" time="66.643"/>
  <system-out/>
  <testcase classname="testcases.Designation" name="designationListing" time="84.380"/>
  <system-out/>
</testsuite> <!-- testcases.Designation -->
