<?xml version="1.0" encoding="UTF-8"?>
<!-- Generated by org.testng.reporters.JUnitReportReporter -->
<testsuite hostname="COG-WIN-MAC03" failures="0" tests="4" name="testcases.Question" time="244.853" errors="0" timestamp="2023-06-20T22:46:26 IST" skipped="0">
  <testcase classname="testcases.Question" name="validationCheck" time="37.722"/>
  <system-out/>
  <testcase classname="testcases.Question" name="addQuestion" time="52.524"/>
  <system-out/>
  <testcase classname="testcases.Question" name="editQuestion" time="65.459"/>
  <system-out/>
  <testcase classname="testcases.Question" name="priorityListing" time="89.148"/>
  <system-out/>
</testsuite> <!-- testcases.Question -->
