<?xml version="1.0" encoding="UTF-8"?>
<!-- Generated by org.testng.reporters.JUnitReportReporter -->
<testsuite hostname="COG-WIN-MAC03" failures="0" tests="2" name="testcases.Greeting" time="183.665" errors="0" timestamp="2022-11-11T11:59:27 IST" skipped="0">
  <testcase classname="testcases.Greeting" name="validationCheck" time="28.282"/>
  <system-out/>
  <testcase classname="testcases.Greeting" name="addGreeting" time="155.383"/>
  <system-out/>
</testsuite> <!-- testcases.Greeting -->
