<?xml version="1.0" encoding="UTF-8"?>
<!-- Generated by org.testng.reporters.JUnitReportReporter -->
<testsuite hostname="COG-WIN-MAC03" failures="0" tests="4" name="testcases.Department" time="247.675" errors="0" timestamp="2022-11-11T11:59:27 IST" skipped="0">
  <testcase classname="testcases.Department" name="addDepartmentValidationCheck" time="35.658"/>
  <system-out/>
  <testcase classname="testcases.Department" name="addDepartment" time="62.129"/>
  <system-out/>
  <testcase classname="testcases.Department" name="editDepartment" time="60.754"/>
  <system-out/>
  <testcase classname="testcases.Department" name="departmentListing" time="89.134"/>
  <system-out/>
</testsuite> <!-- testcases.Department -->
