<?xml version="1.0" encoding="UTF-8"?>
<!-- Generated by org.testng.reporters.JUnitReportReporter -->
<testsuite hostname="COG-WIN-MAC03" failures="0" tests="4" name="testcases.Stage" time="260.750" errors="0" timestamp="2022-11-11T11:59:27 IST" skipped="0">
  <testcase classname="testcases.Stage" name="validationCheck" time="32.885"/>
  <system-out/>
  <testcase classname="testcases.Stage" name="addStage" time="91.329"/>
  <system-out/>
  <testcase classname="testcases.Stage" name="EditStage" time="63.124"/>
  <system-out/>
  <testcase classname="testcases.Stage" name="StageListing" time="73.412"/>
  <system-out/>
</testsuite> <!-- testcases.Stage -->
