<?xml version="1.0" encoding="UTF-8"?>
<!-- Generated by org.testng.reporters.JUnitReportReporter -->
<testsuite hostname="COG-WIN-MAC03" failures="0" tests="5" name="testcases.Emailtemplate" time="347.291" errors="0" timestamp="2022-12-08T16:36:02 IST" skipped="0">
  <testcase classname="testcases.Emailtemplate" name="validationCheck" time="89.282"/>
  <system-out/>
  <testcase classname="testcases.Emailtemplate" name="addEmailTemplate" time="52.474"/>
  <system-out/>
  <testcase classname="testcases.Emailtemplate" name="editEmailTemplate" time="62.236"/>
  <system-out/>
  <testcase classname="testcases.Emailtemplate" name="emailTemplateListing" time="90.515"/>
  <system-out/>
  <testcase classname="testcases.Emailtemplate" name="addAdvancedEmailTemplate" time="52.784"/>
  <system-out/>
</testsuite> <!-- testcases.Emailtemplate -->
