<?xml version="1.0" encoding="UTF-8"?>
<!-- Generated by org.testng.reporters.JUnitReportReporter -->
<testsuite hostname="COG-WIN-MAC03" failures="0" tests="5" name="testcases.Feedback" time="411.114" errors="0" timestamp="2023-06-20T22:46:26 IST" skipped="0">
  <testcase classname="testcases.Feedback" name="validationCheck" time="85.207"/>
  <system-out/>
  <testcase classname="testcases.Feedback" name="addFeedback" time="108.248"/>
  <system-out/>
  <testcase classname="testcases.Feedback" name="editFeedback" time="74.197"/>
  <system-out/>
  <testcase classname="testcases.Feedback" name="feedbacklisting" time="86.264"/>
  <system-out/>
  <testcase classname="testcases.Feedback" name="deleteAlltickets" time="57.198"/>
  <system-out/>
</testsuite> <!-- testcases.Feedback -->
